mode: set
github.com/aiym182/booking/internal/handlers/handlers.go:34.59,39.2 1 0
github.com/aiym182/booking/internal/handlers/handlers.go:42.48,47.2 1 1
github.com/aiym182/booking/internal/handlers/handlers.go:50.33,52.2 1 1
github.com/aiym182/booking/internal/handlers/handlers.go:54.68,60.2 3 1
github.com/aiym182/booking/internal/handlers/handlers.go:61.69,75.2 6 1
github.com/aiym182/booking/internal/handlers/handlers.go:78.75,82.9 2 1
github.com/aiym182/booking/internal/handlers/handlers.go:88.2,89.16 2 1
github.com/aiym182/booking/internal/handlers/handlers.go:94.2,113.4 10 1
github.com/aiym182/booking/internal/handlers/handlers.go:82.9,86.3 3 1
github.com/aiym182/booking/internal/handlers/handlers.go:89.16,93.3 3 1
github.com/aiym182/booking/internal/handlers/handlers.go:117.79,121.9 2 1
github.com/aiym182/booking/internal/handlers/handlers.go:127.2,128.16 2 1
github.com/aiym182/booking/internal/handlers/handlers.go:134.2,154.19 15 1
github.com/aiym182/booking/internal/handlers/handlers.go:167.2,168.16 2 1
github.com/aiym182/booking/internal/handlers/handlers.go:174.2,186.16 4 1
github.com/aiym182/booking/internal/handlers/handlers.go:193.2,225.67 8 1
github.com/aiym182/booking/internal/handlers/handlers.go:121.9,125.3 3 1
github.com/aiym182/booking/internal/handlers/handlers.go:128.16,132.3 3 1
github.com/aiym182/booking/internal/handlers/handlers.go:154.19,165.3 4 1
github.com/aiym182/booking/internal/handlers/handlers.go:168.16,173.3 3 1
github.com/aiym182/booking/internal/handlers/handlers.go:186.16,191.3 3 1
github.com/aiym182/booking/internal/handlers/handlers.go:230.72,232.2 1 1
github.com/aiym182/booking/internal/handlers/handlers.go:235.70,237.2 1 1
github.com/aiym182/booking/internal/handlers/handlers.go:240.76,242.2 1 1
github.com/aiym182/booking/internal/handlers/handlers.go:245.80,249.16 2 1
github.com/aiym182/booking/internal/handlers/handlers.go:254.2,258.16 5 1
github.com/aiym182/booking/internal/handlers/handlers.go:264.2,266.16 2 1
github.com/aiym182/booking/internal/handlers/handlers.go:272.2,273.16 2 1
github.com/aiym182/booking/internal/handlers/handlers.go:279.2,279.21 1 1
github.com/aiym182/booking/internal/handlers/handlers.go:284.2,296.4 5 1
github.com/aiym182/booking/internal/handlers/handlers.go:249.16,253.3 3 1
github.com/aiym182/booking/internal/handlers/handlers.go:258.16,262.3 3 1
github.com/aiym182/booking/internal/handlers/handlers.go:266.16,270.3 3 1
github.com/aiym182/booking/internal/handlers/handlers.go:273.16,277.3 3 1
github.com/aiym182/booking/internal/handlers/handlers.go:279.21,283.3 3 1
github.com/aiym182/booking/internal/handlers/handlers.go:309.80,313.16 2 1
github.com/aiym182/booking/internal/handlers/handlers.go:326.2,338.16 8 1
github.com/aiym182/booking/internal/handlers/handlers.go:351.2,362.15 4 1
github.com/aiym182/booking/internal/handlers/handlers.go:313.16,324.3 5 1
github.com/aiym182/booking/internal/handlers/handlers.go:338.16,349.3 5 1
github.com/aiym182/booking/internal/handlers/handlers.go:366.71,368.2 1 1
github.com/aiym182/booking/internal/handlers/handlers.go:371.82,375.9 2 1
github.com/aiym182/booking/internal/handlers/handlers.go:381.2,395.4 9 1
github.com/aiym182/booking/internal/handlers/handlers.go:375.9,379.3 3 1
github.com/aiym182/booking/internal/handlers/handlers.go:400.74,407.16 3 1
github.com/aiym182/booking/internal/handlers/handlers.go:412.2,413.9 2 1
github.com/aiym182/booking/internal/handlers/handlers.go:419.2,422.64 3 1
github.com/aiym182/booking/internal/handlers/handlers.go:407.16,411.3 3 1
github.com/aiym182/booking/internal/handlers/handlers.go:413.9,417.3 3 1
github.com/aiym182/booking/internal/handlers/handlers.go:427.72,439.16 8 1
github.com/aiym182/booking/internal/handlers/handlers.go:445.2,454.64 7 1
github.com/aiym182/booking/internal/handlers/handlers.go:439.16,443.3 3 1
github.com/aiym182/booking/internal/handlers/handlers.go:458.73,463.2 1 1
github.com/aiym182/booking/internal/handlers/handlers.go:466.77,474.16 3 1
github.com/aiym182/booking/internal/handlers/handlers.go:480.2,485.19 6 1
github.com/aiym182/booking/internal/handlers/handlers.go:492.2,494.16 2 1
github.com/aiym182/booking/internal/handlers/handlers.go:500.2,502.48 3 1
github.com/aiym182/booking/internal/handlers/handlers.go:474.16,478.3 2 1
github.com/aiym182/booking/internal/handlers/handlers.go:485.19,490.3 2 1
github.com/aiym182/booking/internal/handlers/handlers.go:494.16,498.3 3 1
github.com/aiym182/booking/internal/handlers/handlers.go:507.70,513.2 3 1
github.com/aiym182/booking/internal/handlers/handlers.go:516.78,519.2 1 1
github.com/aiym182/booking/internal/handlers/handlers.go:522.84,526.16 2 1
github.com/aiym182/booking/internal/handlers/handlers.go:530.2,534.4 3 1
github.com/aiym182/booking/internal/handlers/handlers.go:526.16,529.3 2 1
github.com/aiym182/booking/internal/handlers/handlers.go:538.84,542.16 2 1
github.com/aiym182/booking/internal/handlers/handlers.go:546.2,550.4 3 1
github.com/aiym182/booking/internal/handlers/handlers.go:542.16,545.3 2 1
github.com/aiym182/booking/internal/handlers/handlers.go:554.84,559.16 3 1
github.com/aiym182/booking/internal/handlers/handlers.go:564.2,577.16 9 1
github.com/aiym182/booking/internal/handlers/handlers.go:582.2,590.4 3 1
github.com/aiym182/booking/internal/handlers/handlers.go:559.16,562.3 2 1
github.com/aiym182/booking/internal/handlers/handlers.go:577.16,580.3 2 1
github.com/aiym182/booking/internal/handlers/handlers.go:595.88,598.16 2 1
github.com/aiym182/booking/internal/handlers/handlers.go:604.2,607.16 3 1
github.com/aiym182/booking/internal/handlers/handlers.go:611.2,617.16 5 1
github.com/aiym182/booking/internal/handlers/handlers.go:622.2,629.16 6 1
github.com/aiym182/booking/internal/handlers/handlers.go:634.2,639.16 4 1
github.com/aiym182/booking/internal/handlers/handlers.go:598.16,602.3 2 1
github.com/aiym182/booking/internal/handlers/handlers.go:607.16,610.3 2 1
github.com/aiym182/booking/internal/handlers/handlers.go:617.16,620.3 2 1
github.com/aiym182/booking/internal/handlers/handlers.go:629.16,632.3 2 1
github.com/aiym182/booking/internal/handlers/handlers.go:639.16,641.3 1 1
github.com/aiym182/booking/internal/handlers/handlers.go:641.8,643.3 1 1
github.com/aiym182/booking/internal/handlers/handlers.go:648.88,653.34 2 1
github.com/aiym182/booking/internal/handlers/handlers.go:659.2,691.16 23 1
github.com/aiym182/booking/internal/handlers/handlers.go:695.2,697.26 2 1
github.com/aiym182/booking/internal/handlers/handlers.go:734.2,738.4 1 1
github.com/aiym182/booking/internal/handlers/handlers.go:653.34,657.3 3 1
github.com/aiym182/booking/internal/handlers/handlers.go:691.16,694.3 2 1
github.com/aiym182/booking/internal/handlers/handlers.go:697.26,703.72 3 1
github.com/aiym182/booking/internal/handlers/handlers.go:709.3,711.17 2 1
github.com/aiym182/booking/internal/handlers/handlers.go:715.3,715.34 1 1
github.com/aiym182/booking/internal/handlers/handlers.go:728.3,731.78 3 1
github.com/aiym182/booking/internal/handlers/handlers.go:703.72,706.4 2 1
github.com/aiym182/booking/internal/handlers/handlers.go:711.17,714.4 2 1
github.com/aiym182/booking/internal/handlers/handlers.go:715.34,716.27 1 1
github.com/aiym182/booking/internal/handlers/handlers.go:716.27,718.71 1 1
github.com/aiym182/booking/internal/handlers/handlers.go:718.71,720.6 1 1
github.com/aiym182/booking/internal/handlers/handlers.go:721.10,725.5 1 0
github.com/aiym182/booking/internal/handlers/handlers.go:743.87,749.16 4 1
github.com/aiym182/booking/internal/handlers/handlers.go:753.2,758.16 4 1
github.com/aiym182/booking/internal/handlers/handlers.go:749.16,751.3 1 0
github.com/aiym182/booking/internal/handlers/handlers.go:758.16,760.3 1 1
github.com/aiym182/booking/internal/handlers/handlers.go:760.8,763.3 1 1
github.com/aiym182/booking/internal/handlers/handlers.go:768.86,779.16 7 1
github.com/aiym182/booking/internal/handlers/handlers.go:779.16,781.3 1 1
github.com/aiym182/booking/internal/handlers/handlers.go:781.8,783.3 1 1
github.com/aiym182/booking/internal/handlers/handlers.go:788.92,792.16 2 1
github.com/aiym182/booking/internal/handlers/handlers.go:797.2,804.16 4 1
github.com/aiym182/booking/internal/handlers/handlers.go:810.2,812.26 2 1
github.com/aiym182/booking/internal/handlers/handlers.go:847.2,847.31 1 1
github.com/aiym182/booking/internal/handlers/handlers.go:864.2,865.110 2 1
github.com/aiym182/booking/internal/handlers/handlers.go:792.16,795.3 2 0
github.com/aiym182/booking/internal/handlers/handlers.go:804.16,808.3 3 0
github.com/aiym182/booking/internal/handlers/handlers.go:812.26,820.35 3 1
github.com/aiym182/booking/internal/handlers/handlers.go:820.35,823.35 1 1
github.com/aiym182/booking/internal/handlers/handlers.go:823.35,827.16 1 1
github.com/aiym182/booking/internal/handlers/handlers.go:827.16,828.69 1 1
github.com/aiym182/booking/internal/handlers/handlers.go:828.69,832.21 2 1
github.com/aiym182/booking/internal/handlers/handlers.go:832.21,837.8 3 0
github.com/aiym182/booking/internal/handlers/handlers.go:847.31,849.43 1 1
github.com/aiym182/booking/internal/handlers/handlers.go:849.43,855.18 5 1
github.com/aiym182/booking/internal/handlers/handlers.go:855.18,859.5 3 0
